Build started 9/9/2015 6:41:43 PM.
     1>Project "C:\Users\sthangar\GIT_workspace\Hello-World\TemplateVS13.vcxproj" on node 2 (Build target(s)).
     1>ClCompile:
         C:\Program Files (x86)\Microsoft Visual Studio 14.0\VC\bin\CL.exe /c /I../../../../../include /I../../../../../include/SDKUtil /I"C:\Program Files (x86)\AMD APP SDK\3.0\/include" /Zi /nologo /W3 /WX- /Od /Ob0 /Oy- /D WIN32 /D _WINDOWS /D _DEBUG /D _CRT_SECURE_NO_WARNINGS /D "CMAKE_INTDIR=\"Debug\"" /D _MBCS /Gm- /EHsc /RTC1 /MDd /GS /fp:precise /Zc:wchar_t /Zc:forScope /Zc:inline /GR /Fo"temp\x86\Debug\\" /Fd"C:\Users\sthangar\GIT_workspace\Hello-World\bin/x86/Debug/Template.pdb" /Gd /TP /wd4005 /wd4996 /analyze- /errorReport:prompt Template.cpp
         Template.cpp
     1>Template.cpp(252): warning C4018: '<': signed/unsigned mismatch
         Template.cpp(86): note: while compiling class template member function 'void MergeSortData<double>::Get_GPU_op(void)'
         Template.cpp(586): note: see reference to function template instantiation 'void MergeSortData<double>::Get_GPU_op(void)' being compiled
         Template.cpp(585): note: see reference to class template instantiation 'MergeSortData<double>' being compiled
     1>Template.cpp(52): warning C4244: '=': conversion from 'int' to 'float', possible loss of data
         Template.cpp(41): note: while compiling class template member function 'MergeSortData<float>::MergeSortData(int)'
         Template.cpp(591): note: see reference to function template instantiation 'MergeSortData<float>::MergeSortData(int)' being compiled
         Template.cpp(591): note: see reference to class template instantiation 'MergeSortData<float>' being compiled
       Link:
         C:\Program Files (x86)\Microsoft Visual Studio 14.0\VC\bin\link.exe /ERRORREPORT:PROMPT /OUT:"C:\Users\sthangar\GIT_workspace\Hello-World\bin\x86\Debug\Template.exe" /INCREMENTAL /NOLOGO /LIBPATH:..\..\..\..\..\lib\win32\ /LIBPATH:"C:\Program Files (x86)\AMD APP SDK\3.0\\lib\x86\\" kernel32.lib user32.lib gdi32.lib winspool.lib shell32.lib ole32.lib oleaut32.lib uuid.lib comdlg32.lib advapi32.lib OpenCL.lib kernel32.lib user32.lib gdi32.lib winspool.lib comdlg32.lib advapi32.lib shell32.lib ole32.lib oleaut32.lib uuid.lib odbc32.lib odbccp32.lib /MANIFEST /MANIFESTUAC:"level='asInvoker' uiAccess='false'" /manifest:embed /Debug /PDB:"C:\Users\sthangar\GIT_workspace\Hello-World\bin\x86\Debug\Template.pdb" /SUBSYSTEM:CONSOLE /TLBID:1 /DYNAMICBASE /NXCOMPAT /IMPLIB:"C:\Users\sthangar\GIT_workspace\Hello-World\bin/x86/Debug/Template.lib" /MACHINE:X86 /SAFESEH:NO  /machine:X86 /debug temp\x86\Debug\Template.obj
         TemplateVS13.vcxproj -> C:\Users\sthangar\GIT_workspace\Hello-World\bin\x86\Debug\Template.exe
       PostBuildEvent:
         copy Template_Kernels.cl "C:\Users\sthangar\GIT_workspace\Hello-World\bin\x86\Debug\Template_Kernels.cl" /Y
         	  
         :VCEnd
                 1 file(s) copied.
     1>Done Building Project "C:\Users\sthangar\GIT_workspace\Hello-World\TemplateVS13.vcxproj" (Build target(s)).

Build succeeded.

Time Elapsed 00:00:01.95
